0 info it worked if it ends with ok
1 verbose cli [ '/Users/connor/.nvm/versions/node/v4.0.0/bin/node',
1 verbose cli   '/Users/connor/.nvm/versions/node/v4.0.0/bin/npm',
1 verbose cli   'run',
1 verbose cli   'hot' ]
2 info using npm@3.3.10
3 info using node@v4.0.0
4 verbose config Skipping project config: /Users/connor/.npmrc. (matches userconfig)
5 verbose stack Error: ENOENT: no such file or directory, open '/Users/connor/package.json'
5 verbose stack     at Error (native)
6 verbose cwd /Users/connor/go/src/github.com/ccutch/task-manager
7 error Darwin 15.0.0
8 error argv "/Users/connor/.nvm/versions/node/v4.0.0/bin/node" "/Users/connor/.nvm/versions/node/v4.0.0/bin/npm" "run" "hot"
9 error node v4.0.0
10 error npm  v3.3.10
11 error path /Users/connor/package.json
12 error code ENOENT
13 error errno -2
14 error syscall open
15 error enoent ENOENT: no such file or directory, open '/Users/connor/package.json'
15 error enoent This is most likely not a problem with npm itself
15 error enoent and is related to npm not being able to find a file.
16 verbose exit [ -2, true ]
